C51 COMPILER V9.54   MAIN                                                                  01/16/2023 12:56:25 PAGE 1   


C51 COMPILER V9.54, COMPILATION OF MODULE MAIN
OBJECT MODULE PLACED IN .\Objects\main.obj
COMPILER INVOKED BY: D:\keil5\C51\BIN\C51.EXE main.c OPTIMIZE(8,SPEED) BROWSE DEBUG OBJECTEXTEND PRINT(.\Listings\main.l
                    -st) TABS(2) OBJECT(.\Objects\main.obj)

line level    source

   1          #include <REGX52.H>
   2          #include "Delay1ms.h"
   3          #include "Nixie.h"
   4          void main()
   5          {
   6   1        while(1)
   7   1        {
   8   2            Nixie(1,1);
   9   2          //Delay1ms(0.1);
  10   2          Nixie(2,2);
  11   2          //Delay1ms(0.1);
  12   2          Nixie(3,3);
  13   2          //Delay1ms(0.1);不行，速度太快会有残影，要消影
  14   2        }
  15   1      }
  16          //位选》段选》清零》位选》段选》清零...


MODULE INFORMATION:   STATIC OVERLAYABLE
   CODE SIZE        =     29    ----
   CONSTANT SIZE    =   ----    ----
   XDATA SIZE       =   ----    ----
   PDATA SIZE       =   ----    ----
   DATA SIZE        =   ----    ----
   IDATA SIZE       =   ----    ----
   BIT SIZE         =   ----    ----
END OF MODULE INFORMATION.


C51 COMPILATION COMPLETE.  0 WARNING(S),  0 ERROR(S)
