C51 COMPILER V9.54   MAIN                                                                  01/15/2023 21:18:01 PAGE 1   


C51 COMPILER V9.54, COMPILATION OF MODULE MAIN
OBJECT MODULE PLACED IN .\Objects\main.obj
COMPILER INVOKED BY: D:\keil5\C51\BIN\C51.EXE main.c OPTIMIZE(8,SPEED) BROWSE DEBUG OBJECTEXTEND PRINT(.\Listings\main.l
                    -st) TABS(2) OBJECT(.\Objects\main.obj)

line level    source

   1          #include <REGX52.H>
   2          #include <intrins.h>
   3          unsigned char NumTable[]={0x3F,0x06,0x5B,0x4F,0x66,0x6D,0x7D,0x07,0x7F,0x6F};
   4          void Delay1ms(unsigned char xms)    //@11.0592MHz
   5          {
   6   1        unsigned char i, j;
   7   1      
   8   1        _nop_();
   9   1        while(xms)
  10   1        {
  11   2            i = 2;
  12   2          j = 199;
  13   2          do
  14   2          {
  15   3            while (--j);
  16   3          } while (--i);
  17   2          xms--;
  18   2        }
  19   1      }
  20          void Nixie(unsigned char location,Num)
  21          {
  22   1        switch(location)
  23   1        {
  24   2          case 1:P2_4=1;P2_3=1;P2_2=1;break;//还可以可以用if   else if   else if...else
  25   2          case 2:P2_4=1;P2_3=1;P2_2=0;break;
  26   2          case 3:P2_4=1;P2_3=0;P2_2=1;break;
  27   2          case 4:P2_4=1;P2_3=0;P2_2=0;break;
  28   2          case 5:P2_4=0;P2_3=1;P2_2=1;break;
  29   2          case 6:P2_4=0;P2_3=1;P2_2=0;break;
  30   2          case 7:P2_4=0;P2_3=0;P2_2=1;break;
  31   2          case 8:P2_4=0;P2_3=0;P2_2=0;break;
  32   2        }
  33   1        //P2=~(location-1);不行，串脚乱了
  34   1        P0=NumTable[Num];//下标找元素
  35   1        Delay1ms(1);
  36   1        P0=0x00;//消影(消段选)
  37   1      }
  38          void main()
  39          {
  40   1        while(1)
  41   1        {
  42   2            Nixie(1,1);
  43   2          //Delay1ms(0.1);
  44   2          Nixie(2,2);
  45   2          //Delay1ms(0.1);
  46   2          Nixie(3,3);
  47   2          //Delay1ms(0.1);不行，速度太快会有残影，要消影
  48   2        }
  49   1      }
  50          //位选》段选》清零》位选》段选》清零...


MODULE INFORMATION:   STATIC OVERLAYABLE
   CODE SIZE        =    148    ----
C51 COMPILER V9.54   MAIN                                                                  01/15/2023 21:18:01 PAGE 2   

   CONSTANT SIZE    =   ----    ----
   XDATA SIZE       =   ----    ----
   PDATA SIZE       =   ----    ----
   DATA SIZE        =     10    ----
   IDATA SIZE       =   ----    ----
   BIT SIZE         =   ----    ----
END OF MODULE INFORMATION.


C51 COMPILATION COMPLETE.  0 WARNING(S),  0 ERROR(S)
