C51 COMPILER V9.54   MAIN                                                                  01/15/2023 20:46:42 PAGE 1   


C51 COMPILER V9.54, COMPILATION OF MODULE MAIN
OBJECT MODULE PLACED IN .\Objects\main.obj
COMPILER INVOKED BY: D:\keil5\C51\BIN\C51.EXE main.c OPTIMIZE(8,SPEED) BROWSE DEBUG OBJECTEXTEND PRINT(.\Listings\main.l
                    -st) TABS(2) OBJECT(.\Objects\main.obj)

line level    source

   1          #include <REGX52.H>
   2          unsigned char NumTable[]={0x3F,0x06,0x5B,0x4F,0x66,0x6D,0x7D,0x07,0x7F,0x6F};
   3          void Nixie(unsigned char location,Num)
   4          {
   5   1      /*  switch(location)
   6   1        {
   7   1          case 1:P2_4=1;P2_3=1;P2_2=1;break;//还可以可以用if   else if   else if...else
   8   1          case 2:P2_4=1;P2_3=1;P2_2=0;break;
   9   1          case 3:P2_4=1;P2_3=0;P2_2=1;break;
  10   1          case 4:P2_4=1;P2_3=0;P2_2=0;break;
  11   1          case 5:P2_4=0;P2_3=1;P2_2=1;break;
  12   1          case 6:P2_4=0;P2_3=1;P2_2=0;break;
  13   1          case 7:P2_4=0;P2_3=0;P2_2=1;break;
  14   1          case 8:P2_4=0;P2_3=0;P2_2=0;break;
  15   1        }*/
  16   1        P2=~(location-1);
  17   1        P0=NumTable[Num];//下标找元素
  18   1      }
  19          void main()
  20          {
  21   1        Nixie(6,5);
  22   1        while(1)
  23   1        {
  24   2          
  25   2        }
  26   1      }


MODULE INFORMATION:   STATIC OVERLAYABLE
   CODE SIZE        =     24    ----
   CONSTANT SIZE    =   ----    ----
   XDATA SIZE       =   ----    ----
   PDATA SIZE       =   ----    ----
   DATA SIZE        =     10    ----
   IDATA SIZE       =   ----    ----
   BIT SIZE         =   ----    ----
END OF MODULE INFORMATION.


C51 COMPILATION COMPLETE.  0 WARNING(S),  0 ERROR(S)
