C51 COMPILER V9.54   MAIN                                                                  01/15/2023 15:27:13 PAGE 1   


C51 COMPILER V9.54, COMPILATION OF MODULE MAIN
OBJECT MODULE PLACED IN .\Objects\main.obj
COMPILER INVOKED BY: D:\keil5\C51\BIN\C51.EXE main.c OPTIMIZE(8,SPEED) BROWSE DEBUG OBJECTEXTEND PRINT(.\Listings\main.l
                    -st) TABS(2) OBJECT(.\Objects\main.obj)

line level    source

   1          #include <REGX52.H>
   2          #include <intrins.h>
   3          char Num;//全局变量自动初始化为0
   4          void Delay1ms(unsigned int xms)   //@11.0592MHz
   5          {
   6   1        unsigned char i, j;
   7   1        while(xms)
   8   1        {
   9   2          _nop_();
  10   2          i = 2;
  11   2          j = 199;
  12   2          do
  13   2          {
  14   3            while (--j);
  15   3          } while (--i);
  16   2          xms--;
  17   2        }
  18   1      }
  19          void main()
  20          {
  21   1        unsigned char flag=0;//第二部分转第一部分
  22   1        unsigned char flag2=0;//第一部分转第二部分
  23   1        while(1)
  24   1        {
  25   2          if(P3_1==0)
  26   2          {
  27   3            flag2=1;
  28   3            if(flag==1)
  29   3            {
  30   4              Num++;
  31   4             flag=0;
  32   4            }
  33   3            Delay1ms(20);
  34   3            while(P3_1==0);
  35   3            Delay1ms(20);
  36   3            
  37   3            //如果把Num++;放这里会导致提前加，使第一个灯不亮
  38   3            //但是不放的话左右键切换要按两次
  39   3            //这时可以把Num初始成-1或者P2=~（0x01）,但后者不用按第一个灯就亮了
  40   3            if(Num>=8)//从D1到D8
  41   3            {
  42   4              Num=0;
  43   4            }
  44   3            P2=~(0x01<<Num);      //P2=~(0x01<<Num%8);这样不用if
  45   3            Num++;
  46   3          }
  47   2          
  48   2            if(P3_0==0)//从D8到D1
  49   2          {
  50   3            flag=1;
  51   3            Delay1ms(20);
  52   3            while(P3_0==0);
  53   3            Delay1ms(20);
  54   3            
C51 COMPILER V9.54   MAIN                                                                  01/15/2023 15:27:13 PAGE 2   

  55   3            if(flag2==1&&Num!=0)
  56   3            {
  57   4              Num--;
  58   4              flag2=0;
  59   4            }
  60   3            if(Num==0)
  61   3            {
  62   4              Num=7;
  63   4            }//有8位，但是从0起，所以最高7位，后面--就变7了
  64   3            else
  65   3            {
  66   4              Num--;
  67   4            }
  68   3            
  69   3              P2=~(0x01<<Num);
  70   3         }
  71   2       }
  72   1      }


MODULE INFORMATION:   STATIC OVERLAYABLE
   CODE SIZE        =    133    ----
   CONSTANT SIZE    =   ----    ----
   XDATA SIZE       =   ----    ----
   PDATA SIZE       =   ----    ----
   DATA SIZE        =      1    ----
   IDATA SIZE       =   ----    ----
   BIT SIZE         =   ----    ----
END OF MODULE INFORMATION.


C51 COMPILATION COMPLETE.  0 WARNING(S),  0 ERROR(S)
